<?xml version="1.0" encoding="UTF-8"?>
<!-- Generated by org.testng.reporters.JUnitXMLReporter -->
<testsuite ignored="25" hostname="Aparna-96" failures="0" tests="1" name="Default test" time="11.574" errors="0" timestamp="2024-02-04T23:21:05 IST">
  <testcase classname="com.ExcelrProject_2.AutomationExerciseDemo.Testcases" name="addtoCartRecomenditems" time="4.752"/>
  <testcase classname="com.ExcelrProject_2.AutomationExerciseDemo.Testcases" name="addReviewOnProduct" time="0.0">
    <ignored/>
  </testcase> <!-- addReviewOnProduct -->
  <testcase classname="com.ExcelrProject_2.AutomationExerciseDemo.Testcases" name="downloadInvoice" time="0.0">
    <ignored/>
  </testcase> <!-- downloadInvoice -->
  <testcase classname="com.ExcelrProject_2.AutomationExerciseDemo.Testcases" name="verifyScrollupArrowbutnAndScrolDwnFunc" time="0.0">
    <ignored/>
  </testcase> <!-- verifyScrollupArrowbutnAndScrolDwnFunc -->
  <testcase classname="com.ExcelrProject_2.AutomationExerciseDemo.Testcases" name="registerUser" time="0.0">
    <ignored/>
  </testcase> <!-- registerUser -->
  <testcase classname="com.ExcelrProject_2.AutomationExerciseDemo.Testcases" name="registerWithExistEmail" time="0.0">
    <ignored/>
  </testcase> <!-- registerWithExistEmail -->
  <testcase classname="com.ExcelrProject_2.AutomationExerciseDemo.Testcases" name="subscriptionInhomePageVerification" time="0.0">
    <ignored/>
  </testcase> <!-- subscriptionInhomePageVerification -->
  <testcase classname="com.ExcelrProject_2.AutomationExerciseDemo.Testcases" name="addProductInCart" time="0.0">
    <ignored/>
  </testcase> <!-- addProductInCart -->
  <testcase classname="com.ExcelrProject_2.AutomationExerciseDemo.Testcases" name="placeOrderLoginBefrChecout" time="0.0">
    <ignored/>
  </testcase> <!-- placeOrderLoginBefrChecout -->
  <testcase classname="com.ExcelrProject_2.AutomationExerciseDemo.Testcases" name="contactUsVerification" time="0.0">
    <ignored/>
  </testcase> <!-- contactUsVerification -->
  <testcase classname="com.ExcelrProject_2.AutomationExerciseDemo.Testcases" name="subscriptionInCartpageVerification" time="0.0">
    <ignored/>
  </testcase> <!-- subscriptionInCartpageVerification -->
  <testcase classname="com.ExcelrProject_2.AutomationExerciseDemo.Testcases" name="LoginWithInvalidCredential" time="0.0">
    <ignored/>
  </testcase> <!-- LoginWithInvalidCredential -->
  <testcase classname="com.ExcelrProject_2.AutomationExerciseDemo.Testcases" name="searchProdAndVerfyCartAftrLogin" time="0.0">
    <ignored/>
  </testcase> <!-- searchProdAndVerfyCartAftrLogin -->
  <testcase classname="com.ExcelrProject_2.AutomationExerciseDemo.Testcases" name="verifyProductQuantInCart" time="0.0">
    <ignored/>
  </testcase> <!-- verifyProductQuantInCart -->
  <testcase classname="com.ExcelrProject_2.AutomationExerciseDemo.Testcases" name="viewCategoryProducts" time="0.0">
    <ignored/>
  </testcase> <!-- viewCategoryProducts -->
  <testcase classname="com.ExcelrProject_2.AutomationExerciseDemo.Testcases" name="searchProduct" time="0.0">
    <ignored/>
  </testcase> <!-- searchProduct -->
  <testcase classname="com.ExcelrProject_2.AutomationExerciseDemo.Testcases" name="viewCartAndBrandProducts" time="0.0">
    <ignored/>
  </testcase> <!-- viewCartAndBrandProducts -->
  <testcase classname="com.ExcelrProject_2.AutomationExerciseDemo.Testcases" name="logoutUser" time="0.0">
    <ignored/>
  </testcase> <!-- logoutUser -->
  <testcase classname="com.ExcelrProject_2.AutomationExerciseDemo.Testcases" name="productPageVerification" time="0.0">
    <ignored/>
  </testcase> <!-- productPageVerification -->
  <testcase classname="com.ExcelrProject_2.AutomationExerciseDemo.Testcases" name="placeOrderAndRegWhileCheckout" time="0.0">
    <ignored/>
  </testcase> <!-- placeOrderAndRegWhileCheckout -->
  <testcase classname="com.ExcelrProject_2.AutomationExerciseDemo.Testcases" name="removProductsFrmCart" time="0.0">
    <ignored/>
  </testcase> <!-- removProductsFrmCart -->
  <testcase classname="com.ExcelrProject_2.AutomationExerciseDemo.Testcases" name="VerifyScrollupWithoutArrowandScrolldown" time="0.0">
    <ignored/>
  </testcase> <!-- VerifyScrollupWithoutArrowandScrolldown -->
  <testcase classname="com.ExcelrProject_2.AutomationExerciseDemo.Testcases" name="testcasePageVerification" time="0.0">
    <ignored/>
  </testcase> <!-- testcasePageVerification -->
  <testcase classname="com.ExcelrProject_2.AutomationExerciseDemo.Testcases" name="addressDetailverifcationInChekout" time="0.0">
    <ignored/>
  </testcase> <!-- addressDetailverifcationInChekout -->
  <testcase classname="com.ExcelrProject_2.AutomationExerciseDemo.Testcases" name="placeOrderAndRegBeforeCheckout" time="0.0">
    <ignored/>
  </testcase> <!-- placeOrderAndRegBeforeCheckout -->
  <testcase classname="com.ExcelrProject_2.AutomationExerciseDemo.Testcases" name="loginWithValidCredentials" time="0.0">
    <ignored/>
  </testcase> <!-- loginWithValidCredentials -->
</testsuite> <!-- Default test -->
